\BOOKMARK [2][-]{subsection.0.1}{Algebraic Geometry}{}% 1
\BOOKMARK [2][-]{subsection.0.2}{Algebraic Groups}{}% 2
\BOOKMARK [2][-]{subsection.0.3}{Algebraic Topology}{}% 3
\BOOKMARK [2][-]{subsection.0.4}{Representation Theory}{}% 4
\BOOKMARK [2][-]{subsection.0.5}{Functional Analysis}{}% 5
\BOOKMARK [2][-]{subsection.0.6}{Operator Algebras/Operator Theory}{}% 6
\BOOKMARK [2][-]{subsection.0.7}{Differential Geometry}{}% 7
\BOOKMARK [2][-]{subsection.0.8}{K-Theory}{}% 8
\BOOKMARK [2][-]{subsection.0.9}{Lie Groups}{}% 9
\BOOKMARK [2][-]{subsection.0.10}{Complex Manifolds and Geometry}{}% 10
\BOOKMARK [2][-]{subsection.0.11}{Quantum Groups}{}% 11
\BOOKMARK [2][-]{subsection.0.12}{Sheaves}{}% 12
\BOOKMARK [2][-]{subsection.0.13}{More Homological Algebra}{}% 13
\BOOKMARK [2][-]{subsection.0.14}{Category Theory}{}% 14
\BOOKMARK [2][-]{subsection.0.15}{Quantum Complexity Theory}{}% 15
\BOOKMARK [2][-]{subsection.0.16}{Topological Quantum Computation}{}% 16
\BOOKMARK [2][-]{subsection.0.17}{General Complexity Theory}{}% 17
\BOOKMARK [2][-]{subsection.0.18}{Additive Combinatorics}{}% 18
\BOOKMARK [2][-]{subsection.0.19}{Approximate Representation Theory}{}% 19
\BOOKMARK [2][-]{subsection.0.20}{Expanders}{}% 20
\BOOKMARK [2][-]{subsection.0.21}{Proof Systems}{}% 21
